2025-09-30 12:21:35,979 - INFO - ✅ Pass: Report data for 2025-09-30 already exists.
2025-09-30 12:21:51,976 - INFO - ✅ Pass: Report data for 2025-09-30 already exists.
2025-09-30 12:34:58,232 - INFO - ✅ Pass: Report data for 2025-09-30 already exists.
2025-09-30 12:34:59,559 - INFO - ✅ Pass: Report data for 2025-09-30 already exists.
2025-09-30 12:35:01,944 - INFO - ✅ Pass: Report data for 2025-09-30 already exists.
2025-09-30 12:35:02,108 - INFO - ✅ Pass: Report data for 2025-09-30 already exists.
2025-09-30 12:35:02,587 - INFO - ✅ Pass: Report data for 2025-09-30 already exists.
2025-09-30 12:35:02,757 - INFO - ✅ Pass: Report data for 2025-09-30 already exists.
2025-09-30 12:35:03,371 - INFO - ✅ Pass: Report data for 2025-09-30 already exists.
2025-09-30 12:35:03,534 - INFO - ✅ Pass: Report data for 2025-09-30 already exists.
2025-09-30 12:35:03,687 - INFO - ✅ Pass: Report data for 2025-09-30 already exists.
2025-09-30 12:35:03,775 - INFO - ✅ Pass: Report data for 2025-09-30 already exists.
2025-09-30 12:37:17,277 - INFO - ✅ Pass: Report data for 2025-09-30 already exists.
2025-09-30 12:37:17,570 - INFO - ✅ Pass: Report data for 2025-09-30 already exists.
2025-09-30 12:43:06,872 - INFO - ✅ Pass: Report data for 2025-09-30 already exists.
2025-09-30 12:43:07,355 - INFO - ✅ Pass: Report data for 2025-09-30 already exists.
2025-09-30 14:09:01,080 - INFO - ✅ Pass: Report data for 2025-09-30 already exists.
2025-09-30 14:09:01,083 - INFO - ✅ Pass: Report data for 2025-09-30 already exists.
2025-09-30 14:14:18,685 - INFO - ✅ Pass: Report data for 2025-09-30 already exists.
2025-09-30 14:14:19,265 - INFO - ✅ Pass: Report data for 2025-09-30 already exists.
2025-09-30 14:14:23,845 - INFO - ✅ Pass: Report data for 2025-09-30 already exists.
2025-09-30 14:14:26,058 - INFO - ✅ Pass: Report data for 2025-09-30 already exists.
2025-09-30 14:14:27,383 - INFO - ✅ Pass: Report data for 2025-09-30 already exists.
2025-09-30 14:14:27,777 - INFO - ✅ Pass: Report data for 2025-09-30 already exists.
2025-09-30 14:14:28,266 - INFO - ✅ Pass: Report data for 2025-09-30 already exists.
2025-09-30 14:14:28,683 - INFO - ✅ Pass: Report data for 2025-09-30 already exists.
2025-09-30 14:15:39,856 - INFO - ✅ Pass: Report data for 2025-09-30 already exists.
2025-09-30 14:15:40,566 - INFO - ✅ Pass: Report data for 2025-09-30 already exists.
2025-09-30 14:17:43,631 - INFO - ✅ Pass: Report data for 2025-09-30 already exists.
2025-09-30 14:17:44,505 - INFO - ✅ Pass: Report data for 2025-09-30 already exists.
2025-09-30 14:22:43,543 - INFO - ✅ Pass: Report data for 2025-09-30 already exists.
2025-09-30 14:22:43,682 - INFO - ✅ Pass: Report data for 2025-09-30 already exists.
2025-09-30 14:22:43,694 - INFO - ✅ Pass: Report data for 2025-09-30 already exists.
2025-09-30 14:22:45,183 - INFO - ✅ Pass: Report data for 2025-09-30 already exists.
2025-09-30 14:37:48,299 - INFO - 🌐 Fetching NRDC report metadata for 2025-09-30...
2025-09-30 14:37:49,595 - INFO - 📁 Created output directory: downloads\NRLDC\report_2025-09-30_14-37-49
2025-09-30 14:37:49,595 - INFO - ⬇️ Attempting to download PDF to: downloads\NRLDC\report_2025-09-30_14-37-49\daily290925.pdf
2025-09-30 14:37:50,762 - INFO - [32;1m✅ Downloaded report to: downloads\NRLDC\report_2025-09-30_14-37-49\daily290925.pdf[0m
2025-09-30 14:37:50,762 - INFO - 🔍 Extracting tables from PDF...
2025-09-30 14:37:53,445 - INFO - [32;1m✅ Found 18 tables.[0m
2025-09-30 14:37:53,486 - INFO - [32;1m✅ Table 2(A) extracted for combined JSON.[0m
2025-09-30 14:37:53,492 - INFO - [32;1m➕ Created Table 2A entry for 2025-09-30 - PUNJAB[0m
2025-09-30 14:37:53,497 - INFO - [32;1m➕ Created Table 2A entry for 2025-09-30 - HARYANA[0m
2025-09-30 14:37:53,500 - INFO - [32;1m➕ Created Table 2A entry for 2025-09-30 - RAJASTHAN[0m
2025-09-30 14:37:53,503 - INFO - [32;1m➕ Created Table 2A entry for 2025-09-30 - DELHI[0m
2025-09-30 14:37:53,507 - INFO - [32;1m➕ Created Table 2A entry for 2025-09-30 - UTTAR PRADESH[0m
2025-09-30 14:37:53,510 - INFO - [32;1m➕ Created Table 2A entry for 2025-09-30 - UTTARAKHAND[0m
2025-09-30 14:37:53,514 - INFO - [32;1m➕ Created Table 2A entry for 2025-09-30 - HIMACHALPRADESH[0m
2025-09-30 14:37:53,519 - INFO - [32;1m➕ Created Table 2A entry for 2025-09-30 - J&K(UT) &Ladakh(UT)[0m
2025-09-30 14:37:53,523 - INFO - [32;1m➕ Created Table 2A entry for 2025-09-30 - CHANDIGARH[0m
2025-09-30 14:37:53,528 - INFO - [32;1m➕ Created Table 2A entry for 2025-09-30 - RAILWAYS_NR ISTS[0m
2025-09-30 14:37:53,532 - INFO - [32;1m➕ Created Table 2A entry for 2025-09-30 - Region[0m
2025-09-30 14:37:53,532 - INFO - [32;1m✅ Table 2(A) data saved to database.[0m
2025-09-30 14:37:53,555 - INFO - [32;1m✅ Table 2(C) extracted for combined JSON.[0m
2025-09-30 14:37:53,559 - INFO - [32;1m➕ Created Table 2C entry for 2025-09-30 - PUNJAB[0m
2025-09-30 14:37:53,564 - INFO - [32;1m➕ Created Table 2C entry for 2025-09-30 - HARYANA[0m
2025-09-30 14:37:53,568 - INFO - [32;1m➕ Created Table 2C entry for 2025-09-30 - RAJASTHAN[0m
2025-09-30 14:37:53,571 - INFO - [32;1m➕ Created Table 2C entry for 2025-09-30 - DELHI[0m
2025-09-30 14:37:53,575 - INFO - [32;1m➕ Created Table 2C entry for 2025-09-30 - UP[0m
2025-09-30 14:37:53,579 - INFO - [32;1m➕ Created Table 2C entry for 2025-09-30 - UTTARAKHA..[0m
2025-09-30 14:37:53,583 - INFO - [32;1m➕ Created Table 2C entry for 2025-09-30 - HP[0m
2025-09-30 14:37:53,587 - INFO - [32;1m➕ Created Table 2C entry for 2025-09-30 - J&K(UT)&Lad..[0m
2025-09-30 14:37:53,591 - INFO - [32;1m➕ Created Table 2C entry for 2025-09-30 - CHANDIGARH[0m
2025-09-30 14:37:53,594 - INFO - [32;1m➕ Created Table 2C entry for 2025-09-30 - RAILWAYS_NRISTS[0m
2025-09-30 14:37:53,599 - INFO - [32;1m➕ Created Table 2C entry for 2025-09-30 - NR[0m
2025-09-30 14:37:53,599 - INFO - [32;1m✅ Table 2(C) data saved to database.[0m
2025-09-30 14:52:56,824 - INFO - 🌐 Fetching NRDC report metadata for 2025-09-30...
2025-09-30 14:52:58,102 - INFO - 📁 Created output directory: downloads\NRLDC\report_2025-09-30_14-52-58
2025-09-30 14:52:58,103 - INFO - ⬇️ Attempting to download PDF to: downloads\NRLDC\report_2025-09-30_14-52-58\daily290925.pdf
2025-09-30 14:52:59,166 - INFO - [32;1m✅ Downloaded report to: downloads\NRLDC\report_2025-09-30_14-52-58\daily290925.pdf[0m
2025-09-30 14:52:59,166 - INFO - 🔍 Extracting tables from PDF...
2025-09-30 14:53:02,111 - INFO - [32;1m✅ Found 18 tables.[0m
2025-09-30 14:53:02,145 - INFO - [32;1m✅ Table 2(A) extracted for combined JSON.[0m
2025-09-30 14:53:02,149 - INFO - [32;1m➕ Created Table 2A entry for 2025-09-30 - PUNJAB[0m
2025-09-30 14:53:02,152 - INFO - [32;1m➕ Created Table 2A entry for 2025-09-30 - HARYANA[0m
2025-09-30 14:53:02,155 - INFO - [32;1m➕ Created Table 2A entry for 2025-09-30 - RAJASTHAN[0m
2025-09-30 14:53:02,159 - INFO - [32;1m➕ Created Table 2A entry for 2025-09-30 - DELHI[0m
2025-09-30 14:53:02,163 - INFO - [32;1m➕ Created Table 2A entry for 2025-09-30 - UTTAR PRADESH[0m
2025-09-30 14:53:02,166 - INFO - [32;1m➕ Created Table 2A entry for 2025-09-30 - UTTARAKHAND[0m
2025-09-30 14:53:02,171 - INFO - [32;1m➕ Created Table 2A entry for 2025-09-30 - HIMACHALPRADESH[0m
2025-09-30 14:53:02,175 - INFO - [32;1m➕ Created Table 2A entry for 2025-09-30 - J&K(UT) &Ladakh(UT)[0m
2025-09-30 14:53:02,179 - INFO - [32;1m➕ Created Table 2A entry for 2025-09-30 - CHANDIGARH[0m
2025-09-30 14:53:02,182 - INFO - [32;1m➕ Created Table 2A entry for 2025-09-30 - RAILWAYS_NR ISTS[0m
2025-09-30 14:53:02,185 - INFO - [32;1m➕ Created Table 2A entry for 2025-09-30 - Region[0m
2025-09-30 14:53:02,186 - INFO - [32;1m✅ Table 2(A) data saved to database.[0m
2025-09-30 14:53:02,207 - INFO - [32;1m✅ Table 2(C) extracted for combined JSON.[0m
2025-09-30 14:53:02,211 - INFO - [32;1m➕ Created Table 2C entry for 2025-09-30 - PUNJAB[0m
2025-09-30 14:53:02,214 - INFO - [32;1m➕ Created Table 2C entry for 2025-09-30 - HARYANA[0m
2025-09-30 14:53:02,217 - INFO - [32;1m➕ Created Table 2C entry for 2025-09-30 - RAJASTHAN[0m
2025-09-30 14:53:02,220 - INFO - [32;1m➕ Created Table 2C entry for 2025-09-30 - DELHI[0m
2025-09-30 14:53:02,224 - INFO - [32;1m➕ Created Table 2C entry for 2025-09-30 - UP[0m
2025-09-30 14:53:02,228 - INFO - [32;1m➕ Created Table 2C entry for 2025-09-30 - UTTARAKHA..[0m
2025-09-30 14:53:02,232 - INFO - [32;1m➕ Created Table 2C entry for 2025-09-30 - HP[0m
2025-09-30 14:53:02,236 - INFO - [32;1m➕ Created Table 2C entry for 2025-09-30 - J&K(UT)&Lad..[0m
2025-09-30 14:53:02,239 - INFO - [32;1m➕ Created Table 2C entry for 2025-09-30 - CHANDIGARH[0m
2025-09-30 14:53:02,243 - INFO - [32;1m➕ Created Table 2C entry for 2025-09-30 - RAILWAYS_NRISTS[0m
2025-09-30 14:53:02,246 - INFO - [32;1m➕ Created Table 2C entry for 2025-09-30 - NR[0m
2025-09-30 14:53:02,247 - INFO - [32;1m✅ Table 2(C) data saved to database.[0m
2025-10-03 09:25:34,697 - INFO - 🌐 Fetching NRDC report metadata for 2025-10-03...
2025-10-03 09:25:35,957 - INFO - 📁 Created output directory: downloads\NRLDC\report_2025-10-03_09-25-35
2025-10-03 09:25:35,958 - INFO - ⬇️ Attempting to download PDF to: downloads\NRLDC\report_2025-10-03_09-25-35\daily021025.pdf
2025-10-03 09:25:36,847 - INFO - [32;1m✅ Downloaded report to: downloads\NRLDC\report_2025-10-03_09-25-35\daily021025.pdf[0m
2025-10-03 09:25:36,847 - INFO - 🔍 Extracting tables from PDF...
2025-10-03 09:25:41,364 - INFO - [32;1m✅ Found 18 tables.[0m
2025-10-03 09:25:41,413 - INFO - [32;1m✅ Table 2(A) extracted for combined JSON.[0m
2025-10-03 09:25:41,424 - INFO - [32;1m➕ Created Table 2A entry for 2025-10-03 - PUNJAB[0m
2025-10-03 09:25:41,433 - INFO - [32;1m➕ Created Table 2A entry for 2025-10-03 - HARYANA[0m
2025-10-03 09:25:41,439 - INFO - [32;1m➕ Created Table 2A entry for 2025-10-03 - RAJASTHAN[0m
2025-10-03 09:25:41,446 - INFO - [32;1m➕ Created Table 2A entry for 2025-10-03 - DELHI[0m
2025-10-03 09:25:41,456 - INFO - [32;1m➕ Created Table 2A entry for 2025-10-03 - UTTAR PRADESH[0m
2025-10-03 09:25:41,462 - INFO - [32;1m➕ Created Table 2A entry for 2025-10-03 - UTTARAKHAND[0m
2025-10-03 09:25:41,468 - INFO - [32;1m➕ Created Table 2A entry for 2025-10-03 - HIMACHALPRADESH[0m
2025-10-03 09:25:41,476 - INFO - [32;1m➕ Created Table 2A entry for 2025-10-03 - J&K(UT) &Ladakh(UT)[0m
2025-10-03 09:25:41,484 - INFO - [32;1m➕ Created Table 2A entry for 2025-10-03 - CHANDIGARH[0m
2025-10-03 09:25:41,492 - INFO - [32;1m➕ Created Table 2A entry for 2025-10-03 - RAILWAYS_NR ISTS[0m
2025-10-03 09:25:41,499 - INFO - [32;1m➕ Created Table 2A entry for 2025-10-03 - Region[0m
2025-10-03 09:25:41,500 - INFO - [32;1m✅ Table 2(A) data saved to database.[0m
2025-10-03 09:25:41,525 - INFO - [32;1m✅ Table 2(C) extracted for combined JSON.[0m
2025-10-03 09:25:41,535 - INFO - [32;1m➕ Created Table 2C entry for 2025-10-03 - PUNJAB[0m
2025-10-03 09:25:41,541 - INFO - [32;1m➕ Created Table 2C entry for 2025-10-03 - HARYANA[0m
2025-10-03 09:25:41,548 - INFO - [32;1m➕ Created Table 2C entry for 2025-10-03 - RAJASTHAN[0m
2025-10-03 09:25:41,557 - INFO - [32;1m➕ Created Table 2C entry for 2025-10-03 - DELHI[0m
2025-10-03 09:25:41,565 - INFO - [32;1m➕ Created Table 2C entry for 2025-10-03 - UP[0m
2025-10-03 09:25:41,572 - INFO - [32;1m➕ Created Table 2C entry for 2025-10-03 - UTTARAKHA..[0m
2025-10-03 09:25:41,579 - INFO - [32;1m➕ Created Table 2C entry for 2025-10-03 - HP[0m
2025-10-03 09:25:41,585 - INFO - [32;1m➕ Created Table 2C entry for 2025-10-03 - J&K(UT)&Lad..[0m
2025-10-03 09:25:41,591 - INFO - [32;1m➕ Created Table 2C entry for 2025-10-03 - CHANDIGARH[0m
2025-10-03 09:25:41,597 - INFO - [32;1m➕ Created Table 2C entry for 2025-10-03 - RAILWAYS_NRISTS[0m
2025-10-03 09:25:41,603 - INFO - [32;1m➕ Created Table 2C entry for 2025-10-03 - NR[0m
2025-10-03 09:25:41,603 - INFO - [32;1m✅ Table 2(C) data saved to database.[0m
2025-10-03 14:16:02,973 - INFO - Starting NRLDC process for date: 2025-10-03
2025-10-03 14:16:02,974 - INFO - ✅ Pass: Data for 2025-10-03 already exists. Skipping.
2025-10-03 14:16:15,577 - INFO - Starting NRLDC process for date: 2025-10-03
2025-10-03 14:16:15,578 - INFO - ✅ Pass: Data for 2025-10-03 already exists. Skipping.
2025-10-03 14:17:40,694 - INFO - Starting NRLDC process for date: 2025-10-03
2025-10-03 14:17:40,696 - INFO - ✅ Pass: Data for 2025-10-03 already exists. Skipping.
2025-10-03 14:18:28,711 - INFO - Starting NRLDC process for date: 2025-10-03
2025-10-03 14:18:28,712 - INFO - ✅ Pass: Data for 2025-10-03 already exists. Skipping.
2025-10-03 14:19:27,651 - INFO - Starting NRLDC process for date: 2025-10-03
2025-10-03 14:19:27,652 - INFO - ✅ Pass: Data for 2025-10-03 already exists. Skipping.
2025-10-03 14:19:35,810 - INFO - Starting NRLDC process for date: 2025-10-03
2025-10-03 14:19:35,811 - INFO - ✅ Pass: Data for 2025-10-03 already exists. Skipping.
2025-10-03 14:19:39,334 - INFO - Starting NRLDC process for date: 2025-10-03
2025-10-03 14:19:39,336 - INFO - ✅ Pass: Data for 2025-10-03 already exists. Skipping.
2025-10-03 14:24:41,854 - INFO - Starting NRLDC process for date: 2025-10-03
2025-10-03 14:24:41,855 - INFO - ✅ Pass: Data for 2025-10-03 already exists. Skipping.
2025-10-03 14:28:00,156 - INFO - Starting NRLDC process for date: 2025-10-03
2025-10-03 14:28:00,157 - INFO - 🌐 Fetching NRDC report metadata for 2025-10-03...
2025-10-03 14:28:01,436 - INFO - ⬇️ Attempting to download PDF to: downloads\NRLDC\report_20251003\daily021025.pdf
2025-10-03 14:28:02,336 - INFO - ✅ Downloaded report to: downloads\NRLDC\report_20251003\daily021025.pdf
2025-10-03 14:28:02,337 - INFO - 🔍 Extracting tables from PDF...
2025-10-03 14:28:05,169 - INFO - ✅ Found 18 tables.
2025-10-03 14:28:05,192 - INFO - ✅ Table 2(A) extracted for combined JSON.
2025-10-03 14:28:05,227 - INFO - ✅ Table 2(A) data saved to database.
2025-10-03 14:28:05,247 - INFO - ✅ Table 2(C) extracted for combined JSON.
2025-10-03 14:28:05,282 - INFO - ✅ Table 2(C) data saved to database.
2025-10-03 14:28:05,284 - INFO - ✅ Combined tables saved to: downloads\NRLDC\report_20251003\nrldc_03102025.json
2025-10-03 14:28:05,284 - INFO - Successfully completed the process.
2025-10-03 14:30:40,222 - INFO - Starting NRLDC process for date: 2025-10-03
2025-10-03 14:30:40,223 - INFO - ✅ Pass: Data for 2025-10-03 already exists. Skipping.
2025-10-03 15:28:04,288 - INFO - Starting NRLDC process for date: 2025-10-03
2025-10-03 15:28:04,289 - INFO - ✅ Pass: Data for 2025-10-03 already exists. Skipping.
2025-10-04 09:20:18,114 - INFO - Starting NRLDC process for date: 2025-10-04
2025-10-04 09:20:18,119 - INFO - 🌐 Fetching NRDC report metadata for 2025-10-04...
2025-10-04 09:20:19,455 - INFO - ⬇️ Attempting to download PDF to: downloads\NRLDC\report_20251004\daily031025.pdf
2025-10-04 09:20:20,488 - INFO - ✅ Downloaded report to: downloads\NRLDC\report_20251004\daily031025.pdf
2025-10-04 09:20:20,488 - INFO - 🔍 Extracting tables from PDF...
2025-10-04 09:20:24,068 - INFO - ✅ Found 18 tables.
2025-10-04 09:20:24,092 - INFO - ✅ Table 2(A) extracted for combined JSON.
2025-10-04 09:20:24,121 - INFO - ✅ Table 2(A) data saved to database.
2025-10-04 09:20:24,153 - INFO - ✅ Table 2(C) extracted for combined JSON.
2025-10-04 09:20:24,191 - INFO - ✅ Table 2(C) data saved to database.
2025-10-04 09:20:24,191 - INFO - ✅ Combined tables saved to: downloads\NRLDC\report_20251004\nrldc_04102025.json
2025-10-04 09:20:24,191 - INFO - Successfully completed the process.
2025-10-04 09:25:19,983 - INFO - Starting NRLDC process for date: 2025-10-04
2025-10-04 09:25:19,984 - INFO - ✅ Pass: Data for 2025-10-04 already exists. Skipping.
2025-10-04 09:28:07,183 - INFO - Starting NRLDC process for date: 2025-10-04
2025-10-04 09:28:07,183 - INFO - ✅ Pass: Data for 2025-10-04 already exists. Skipping.
2025-10-04 09:29:54,894 - INFO - Target Date: 2025-10-04
2025-10-04 09:29:54,894 - INFO - Verifying database for existing records...
2025-10-04 09:29:54,896 - INFO - ✅ No existing data found. Proceeding.
2025-10-04 09:29:54,896 - INFO - 🌐 Fetching report metadata from NRLDC...
2025-10-04 09:29:57,507 - INFO - ✅ Downloaded report to: downloads\NRLDC\report_2025-10-04_03-59-56\daily041025.pdf
2025-10-04 09:29:57,508 - INFO - 🔍 Reading tables from PDF...
2025-10-04 09:30:00,571 - INFO - ✅ Found 18 tables.
2025-10-04 09:30:00,580 - INFO - Extracting Table 2(A)...
2025-10-04 09:30:00,606 - ERROR - An error occurred: Length mismatch: Expected axis has 16 elements, new values have 14 elements
2025-10-04 09:30:00,606 - ERROR - Full traceback:
Traceback (most recent call last):
  File "C:\Users\tamilarasans\Desktop\REPORT\dlc_reports\nrldc_app\management\commands\nrldc_project.py", line 226, in handle
    self.extract_tables_from_pdf(pdf_path, output_dir, target_date)
  File "C:\Users\tamilarasans\Desktop\REPORT\dlc_reports\nrldc_app\management\commands\nrldc_project.py", line 129, in extract_tables_from_pdf
    sub_2A = self.extract_subtable_by_markers(all_content_df, r".*2\s*\(A\).*", r"2\s*\(B\).*", header_row_count=2, debug_table_name="Table 2(A)")
  File "C:\Users\tamilarasans\Desktop\REPORT\dlc_reports\nrldc_app\management\commands\nrldc_project.py", line 97, in extract_subtable_by_markers
    sub_df_data.columns = new_columns
  File "C:\Program Files\Python310\lib\site-packages\pandas\core\generic.py", line 6218, in __setattr__
    return object.__setattr__(self, name, value)
  File "properties.pyx", line 69, in pandas._libs.properties.AxisProperty.__set__
  File "C:\Program Files\Python310\lib\site-packages\pandas\core\generic.py", line 767, in _set_axis
    self._mgr.set_axis(axis, labels)
  File "C:\Program Files\Python310\lib\site-packages\pandas\core\internals\managers.py", line 227, in set_axis
    self._validate_set_axis(axis, new_labels)
  File "C:\Program Files\Python310\lib\site-packages\pandas\core\internals\base.py", line 85, in _validate_set_axis
    raise ValueError(
ValueError: Length mismatch: Expected axis has 16 elements, new values have 14 elements

2025-10-04 09:30:25,351 - INFO - 🌐 Fetching NRDC report metadata for 2025-10-04...
2025-10-04 09:30:26,729 - INFO - 📁 Created output directory: downloads\NRLDC\report_2025-10-04_09-30-26
2025-10-04 09:30:26,729 - INFO - ⬇️ Attempting to download PDF to: downloads\NRLDC\report_2025-10-04_09-30-26\daily031025.pdf
2025-10-04 09:30:27,743 - INFO - [32;1m✅ Downloaded report to: downloads\NRLDC\report_2025-10-04_09-30-26\daily031025.pdf[0m
2025-10-04 09:30:27,744 - INFO - 🔍 Extracting tables from PDF...
2025-10-04 09:30:30,945 - INFO - [32;1m✅ Found 18 tables.[0m
2025-10-04 09:30:31,008 - INFO - [32;1m✅ Table 2(A) extracted for combined JSON.[0m
2025-10-04 09:30:31,011 - INFO - [32;1m➕ Created Table 2A entry for 2025-10-04 - PUNJAB[0m
2025-10-04 09:30:31,011 - INFO - [32;1m➕ Created Table 2A entry for 2025-10-04 - HARYANA[0m
2025-10-04 09:30:31,024 - INFO - [32;1m➕ Created Table 2A entry for 2025-10-04 - RAJASTHAN[0m
2025-10-04 09:30:31,030 - INFO - [32;1m➕ Created Table 2A entry for 2025-10-04 - DELHI[0m
2025-10-04 09:30:31,032 - INFO - [32;1m➕ Created Table 2A entry for 2025-10-04 - UTTAR PRADESH[0m
2025-10-04 09:30:31,038 - INFO - [32;1m➕ Created Table 2A entry for 2025-10-04 - UTTARAKHAND[0m
2025-10-04 09:30:31,043 - INFO - [32;1m➕ Created Table 2A entry for 2025-10-04 - HIMACHALPRADESH[0m
2025-10-04 09:30:31,048 - INFO - [32;1m➕ Created Table 2A entry for 2025-10-04 - J&K(UT) &Ladakh(UT)[0m
2025-10-04 09:30:31,053 - INFO - [32;1m➕ Created Table 2A entry for 2025-10-04 - CHANDIGARH[0m
2025-10-04 09:30:31,058 - INFO - [32;1m➕ Created Table 2A entry for 2025-10-04 - RAILWAYS_NR ISTS[0m
2025-10-04 09:30:31,065 - INFO - [32;1m➕ Created Table 2A entry for 2025-10-04 - Region[0m
2025-10-04 09:30:31,065 - INFO - [32;1m✅ Table 2(A) data saved to database.[0m
2025-10-04 09:30:31,094 - INFO - [32;1m✅ Table 2(C) extracted for combined JSON.[0m
2025-10-04 09:30:31,102 - INFO - [32;1m➕ Created Table 2C entry for 2025-10-04 - PUNJAB[0m
2025-10-04 09:30:31,106 - INFO - [32;1m➕ Created Table 2C entry for 2025-10-04 - HARYANA[0m
2025-10-04 09:30:31,113 - INFO - [32;1m➕ Created Table 2C entry for 2025-10-04 - RAJASTHAN[0m
2025-10-04 09:30:31,119 - INFO - [32;1m➕ Created Table 2C entry for 2025-10-04 - DELHI[0m
2025-10-04 09:30:31,124 - INFO - [32;1m➕ Created Table 2C entry for 2025-10-04 - UP[0m
2025-10-04 09:30:31,131 - INFO - [32;1m➕ Created Table 2C entry for 2025-10-04 - UTTARAKHA..[0m
2025-10-04 09:30:31,137 - INFO - [32;1m➕ Created Table 2C entry for 2025-10-04 - HP[0m
2025-10-04 09:30:31,141 - INFO - [32;1m➕ Created Table 2C entry for 2025-10-04 - J&K(UT)&Lad..[0m
2025-10-04 09:30:31,147 - INFO - [32;1m➕ Created Table 2C entry for 2025-10-04 - CHANDIGARH[0m
2025-10-04 09:30:31,152 - INFO - [32;1m➕ Created Table 2C entry for 2025-10-04 - RAILWAYS_NRISTS[0m
2025-10-04 09:30:31,156 - INFO - [32;1m➕ Created Table 2C entry for 2025-10-04 - NR[0m
2025-10-04 09:30:31,156 - INFO - [32;1m✅ Table 2(C) data saved to database.[0m
2025-10-04 09:30:47,521 - INFO - [32;1m✅ Pass: Report data for 2025-10-04 already exists in the database. Skipping download and extraction.[0m
2025-10-04 09:31:18,842 - INFO - 🌐 Fetching NRDC report metadata for 2025-10-04...
2025-10-04 09:31:20,108 - INFO - 📁 Created output directory: downloads\NRLDC\report_2025-10-04_09-31-20
2025-10-04 09:31:20,108 - INFO - ⬇️ Attempting to download PDF to: downloads\NRLDC\report_2025-10-04_09-31-20\daily031025.pdf
2025-10-04 09:31:21,157 - INFO - [32;1m✅ Downloaded report to: downloads\NRLDC\report_2025-10-04_09-31-20\daily031025.pdf[0m
2025-10-04 09:31:21,158 - INFO - 🔍 Extracting tables from PDF...
2025-10-04 09:31:24,324 - INFO - [32;1m✅ Found 18 tables.[0m
2025-10-04 09:31:24,358 - INFO - [32;1m✅ Table 2(A) extracted for combined JSON.[0m
2025-10-04 09:31:24,368 - INFO - [32;1m➕ Created Table 2A entry for 2025-10-04 - PUNJAB[0m
2025-10-04 09:31:24,372 - INFO - [32;1m➕ Created Table 2A entry for 2025-10-04 - HARYANA[0m
2025-10-04 09:31:24,376 - INFO - [32;1m➕ Created Table 2A entry for 2025-10-04 - RAJASTHAN[0m
2025-10-04 09:31:24,383 - INFO - [32;1m➕ Created Table 2A entry for 2025-10-04 - DELHI[0m
2025-10-04 09:31:24,386 - INFO - [32;1m➕ Created Table 2A entry for 2025-10-04 - UTTAR PRADESH[0m
2025-10-04 09:31:24,388 - INFO - [32;1m➕ Created Table 2A entry for 2025-10-04 - UTTARAKHAND[0m
2025-10-04 09:31:24,396 - INFO - [32;1m➕ Created Table 2A entry for 2025-10-04 - HIMACHALPRADESH[0m
2025-10-04 09:31:24,401 - INFO - [32;1m➕ Created Table 2A entry for 2025-10-04 - J&K(UT) &Ladakh(UT)[0m
2025-10-04 09:31:24,406 - INFO - [32;1m➕ Created Table 2A entry for 2025-10-04 - CHANDIGARH[0m
2025-10-04 09:31:24,411 - INFO - [32;1m➕ Created Table 2A entry for 2025-10-04 - RAILWAYS_NR ISTS[0m
2025-10-04 09:31:24,415 - INFO - [32;1m➕ Created Table 2A entry for 2025-10-04 - Region[0m
2025-10-04 09:31:24,415 - INFO - [32;1m✅ Table 2(A) data saved to database.[0m
2025-10-04 09:31:24,436 - INFO - [32;1m✅ Table 2(C) extracted for combined JSON.[0m
2025-10-04 09:31:24,440 - INFO - [32;1m➕ Created Table 2C entry for 2025-10-04 - PUNJAB[0m
2025-10-04 09:31:24,447 - INFO - [32;1m➕ Created Table 2C entry for 2025-10-04 - HARYANA[0m
2025-10-04 09:31:24,453 - INFO - [32;1m➕ Created Table 2C entry for 2025-10-04 - RAJASTHAN[0m
2025-10-04 09:31:24,456 - INFO - [32;1m➕ Created Table 2C entry for 2025-10-04 - DELHI[0m
2025-10-04 09:31:24,460 - INFO - [32;1m➕ Created Table 2C entry for 2025-10-04 - UP[0m
2025-10-04 09:31:24,467 - INFO - [32;1m➕ Created Table 2C entry for 2025-10-04 - UTTARAKHA..[0m
2025-10-04 09:31:24,471 - INFO - [32;1m➕ Created Table 2C entry for 2025-10-04 - HP[0m
2025-10-04 09:31:24,475 - INFO - [32;1m➕ Created Table 2C entry for 2025-10-04 - J&K(UT)&Lad..[0m
2025-10-04 09:31:24,482 - INFO - [32;1m➕ Created Table 2C entry for 2025-10-04 - CHANDIGARH[0m
2025-10-04 09:31:24,486 - INFO - [32;1m➕ Created Table 2C entry for 2025-10-04 - RAILWAYS_NRISTS[0m
2025-10-04 09:31:24,489 - INFO - [32;1m➕ Created Table 2C entry for 2025-10-04 - NR[0m
2025-10-04 09:31:24,490 - INFO - [32;1m✅ Table 2(C) data saved to database.[0m
